<?xml version="1.0" encoding="UTF-8"?>
<testsuite xmlns:xsi="http://www.w3.org/2001/XMLSchema-instance" xsi:noNamespaceSchemaLocation="https://maven.apache.org/surefire/maven-surefire-plugin/xsd/surefire-test-report.xsd" version="3.0.2" name="com.DynamicEndpointSwitch.DynamicEndpointSwitchApplicationTests" time="9.306" tests="1" errors="0" skipped="0" failures="0">
  <properties>
[...]
</properties>
  <testcase name="contextLoads" classname="com.DynamicEndpointSwitch.DynamicEndpointSwitchApplicationTests" time="0.744">
    <system-out><![CDATA[23:01:07.181 [main] INFO org.springframework.test.context.support.AnnotationConfigContextLoaderUtils -- Could not detect default configuration classes for test class [com.DynamicEndpointSwitch.DynamicEndpointSwitchApplicationTests]: DynamicEndpointSwitchApplicationTests does not declare any static, non-private, non-final, nested classes annotated with @Configuration.
23:01:07.346 [main] INFO org.springframework.boot.test.context.SpringBootTestContextBootstrapper -- Found @SpringBootConfiguration com.DynamicEndpointSwitch.DynamicEndpointSwitchApplication for test class com.DynamicEndpointSwitch.DynamicEndpointSwitchApplicationTests

  .   ____          _            __ _ _
 /\\ / ___'_ __ _ _(_)_ __  __ _ \ \ \ \
( ( )\___ | '_ | '_| | '_ \/ _` | \ \ \ \
 \\/  ___)| |_)| | | | | || (_| |  ) ) ) )
  '  |____| .__|_| |_|_| |_\__, | / / / /
 =========|_|==============|___/=/_/_/_/

 :: Spring Boot ::                (v3.4.3)

2025-03-01T23:01:08.300+05:30  INFO 20086 --- [DynamicProfileApp] [           main] .D.DynamicEndpointSwitchApplicationTests : Starting DynamicEndpointSwitchApplicationTests using Java 17.0.12 with PID 20086 (started by ashishkumar in /Users/ashishkumar/Downloads/Automation/DynamicEndpointSwitchApplication)
2025-03-01T23:01:08.304+05:30  INFO 20086 --- [DynamicProfileApp] [           main] .D.DynamicEndpointSwitchApplicationTests : The following 1 profile is active: "dev"
2025-03-01T23:01:10.109+05:30  INFO 20086 --- [DynamicProfileApp] [           main] .s.d.r.c.RepositoryConfigurationDelegate : Bootstrapping Spring Data JPA repositories in DEFAULT mode.
2025-03-01T23:01:10.196+05:30  INFO 20086 --- [DynamicProfileApp] [           main] .s.d.r.c.RepositoryConfigurationDelegate : Finished Spring Data repository scanning in 71 ms. Found 1 JPA repository interface.
2025-03-01T23:01:10.487+05:30  INFO 20086 --- [DynamicProfileApp] [           main] o.s.cloud.context.scope.GenericScope     : BeanFactory id=7305da76-e7eb-315c-a8a8-98ce5e5632ff
2025-03-01T23:01:11.310+05:30  INFO 20086 --- [DynamicProfileApp] [           main] com.zaxxer.hikari.HikariDataSource       : HikariPool-1 - Starting...
2025-03-01T23:01:11.850+05:30  INFO 20086 --- [DynamicProfileApp] [           main] com.zaxxer.hikari.pool.HikariPool        : HikariPool-1 - Added connection com.mysql.cj.jdbc.ConnectionImpl@380fdcf2
2025-03-01T23:01:11.853+05:30  INFO 20086 --- [DynamicProfileApp] [           main] com.zaxxer.hikari.HikariDataSource       : HikariPool-1 - Start completed.
2025-03-01T23:01:11.969+05:30  INFO 20086 --- [DynamicProfileApp] [           main] o.hibernate.jpa.internal.util.LogHelper  : HHH000204: Processing PersistenceUnitInfo [name: default]
2025-03-01T23:01:12.027+05:30  INFO 20086 --- [DynamicProfileApp] [           main] org.hibernate.Version                    : HHH000412: Hibernate ORM core version 6.6.8.Final
2025-03-01T23:01:12.096+05:30  INFO 20086 --- [DynamicProfileApp] [           main] o.h.c.internal.RegionFactoryInitiator    : HHH000026: Second-level cache disabled
2025-03-01T23:01:12.384+05:30  INFO 20086 --- [DynamicProfileApp] [           main] o.s.o.j.p.SpringPersistenceUnitInfo      : No LoadTimeWeaver setup: ignoring JPA class transformer
2025-03-01T23:01:12.535+05:30  INFO 20086 --- [DynamicProfileApp] [           main] org.hibernate.orm.connections.pooling    : HHH10001005: Database info:
	Database JDBC URL [Connecting through datasource 'HikariDataSource (HikariPool-1)']
	Database driver: undefined/unknown
	Database version: 8.0.39
	Autocommit mode: undefined/unknown
	Isolation level: undefined/unknown
	Minimum pool size: undefined/unknown
	Maximum pool size: undefined/unknown
2025-03-01T23:01:13.263+05:30  INFO 20086 --- [DynamicProfileApp] [           main] o.h.e.t.j.p.i.JtaPlatformInitiator       : HHH000489: No JTA platform available (set 'hibernate.transaction.jta.platform' to enable JTA platform integration)
2025-03-01T23:01:13.268+05:30  INFO 20086 --- [DynamicProfileApp] [           main] j.LocalContainerEntityManagerFactoryBean : Initialized JPA EntityManagerFactory for persistence unit 'default'
2025-03-01T23:01:14.004+05:30  WARN 20086 --- [DynamicProfileApp] [           main] JpaBaseConfiguration$JpaWebConfiguration : spring.jpa.open-in-view is enabled by default. Therefore, database queries may be performed during view rendering. Explicitly configure spring.jpa.open-in-view to disable this warning
2025-03-01T23:01:15.360+05:30  INFO 20086 --- [DynamicProfileApp] [           main] o.s.b.a.e.web.EndpointLinksResolver      : Exposing 2 endpoints beneath base path '/actuator'
2025-03-01T23:01:15.462+05:30  INFO 20086 --- [DynamicProfileApp] [           main] .D.DynamicEndpointSwitchApplicationTests : Started DynamicEndpointSwitchApplicationTests in 7.748 seconds (process running for 9.227)
]]></system-out>
  </testcase>
</testsuite>